
                        ▒▒▓▓▓▓▒▒
                     ▒▓▓▓▒▒░░▒▒▓▓▓▒
                  ▒▓▓▓▓░░░▒▒▒▒░░░▓▓▓▓▒
                 ▓▓▒▒▒▓▓▓▓▓▓▓▓▓▓▓▓▒▒▒▓▓
                 ▓▓░░░░░▒▓▓▓▓▓▓▒░░░░░▓▓
                 ▓▓░░▓▓▒░░░▒▒░░░▒▓▒░░▓▓
                 ▓▓░░▓▓▓▓▓▒▒▒▒▓▓▓▓▒░░▓▓
                 ▓▓░░▓▓▓▓▓▓▓▓▓▓▓▓▓▒░░▓▓
                 ▓▓▒░░▒▒▓▓▓▓▓▓▓▓▒░░░▒▓▓
                  ▒▓▓▓▒░░░▒▓▓▒░░░▒▓▓▓▒
                     ▒▓▓▓▒░░░░▒▓▓▓▒
                        ▒▒▓▓▓▓▒▒


warning: the transform cache was reset.
                Welcome to Metro v0.76.9
              Fast - Scalable - Integrated


 BUNDLE  ./index.js 

 ERROR  Error: Requiring unknown module "undefined". If you are sure the module exists, try restarting Metro. You may also want to run `yarn` or `npm install`., js engine: hermes
 LOG  Running "MinakamiAppFinal" with {"rootTag":11}
 ERROR  Invariant Violation: "MinakamiAppFinal" has not been registered. This can happen if:
* Metro (the local dev server) is run from the wrong folder. Check if Metro is running, stop it and restart it in the current project.
* A module failed to load due to an error and `AppRegistry.registerComponent` wasn't called., js engine: hermes
 BUNDLE  ./index.js 

 ERROR  Error: Requiring unknown module "undefined". If you are sure the module exists, try restarting Metro. You may also want to run `yarn` or `npm install`., js engine: hermes
 LOG  Running "MinakamiAppFinal" with {"rootTag":41}
 ERROR  Invariant Violation: "MinakamiAppFinal" has not been registered. This can happen if:
* Metro (the local dev server) is run from the wrong folder. Check if Metro is running, stop it and restart it in the current project.
* A module failed to load due to an error and `AppRegistry.registerComponent` wasn't called., js engine: hermes
