info Starting JS server...
info Launching emulator...
info Successfully launched emulator.
warn "variant" flag is deprecated and will be removed in future release. Please switch to "mode" flag.
info Installing the app...
> Task :gradle-plugin:compileKotlin UP-TO-DATE
> Task :gradle-plugin:compileJava NO-SOURCE
> Task :gradle-plugin:pluginDescriptors UP-TO-DATE
> Task :gradle-plugin:processResources UP-TO-DATE
> Task :gradle-plugin:classes UP-TO-DATE
> Task :gradle-plugin:jar UP-TO-DATE
> Task :gradle-plugin:inspectClassesForKotlinIC UP-TO-DATE
> Task :app:copyVectorIconFonts NO-SOURCE
> Task :app:buildCodegenCLI SKIPPED
> Task :app:generateCodegenSchemaFromJavaScript SKIPPED
> Task :app:generateCodegenArtifactsFromSchema SKIPPED
> Task :app:generatePackageList
> Task :app:preBuild
> Task :app:preDebugBuild
> Task :react-native-async-storage_async-storage:preBuild UP-TO-DATE
> Task :react-native-async-storage_async-storage:preDebugBuild UP-TO-DATE
> Task :react-native-async-storage_async-storage:compileDebugAidl NO-SOURCE
> Task :react-native-community_datetimepicker:preBuild UP-TO-DATE
> Task :react-native-community_datetimepicker:preDebugBuild UP-TO-DATE
> Task :react-native-community_datetimepicker:compileDebugAidl NO-SOURCE
> Task :react-native-device-info:preBuild UP-TO-DATE
> Task :react-native-device-info:preDebugBuild UP-TO-DATE
> Task :react-native-device-info:compileDebugAidl NO-SOURCE
> Task :react-native-gesture-handler:assertNoMultipleInstances
> Task :react-native-gesture-handler:preBuild
> Task :react-native-gesture-handler:preDebugBuild
> Task :react-native-gesture-handler:compileDebugAidl NO-SOURCE
> Task :react-native-get-location:preBuild UP-TO-DATE
> Task :react-native-get-location:preDebugBuild UP-TO-DATE
> Task :react-native-get-location:compileDebugAidl NO-SOURCE
> Task :react-native-permissions:preBuild UP-TO-DATE
> Task :react-native-permissions:preDebugBuild UP-TO-DATE
> Task :react-native-permissions:compileDebugAidl NO-SOURCE
> Task :react-native-push-notification:preBuild UP-TO-DATE
> Task :react-native-push-notification:preDebugBuild UP-TO-DATE
> Task :react-native-push-notification:compileDebugAidl NO-SOURCE
> Task :react-native-safe-area-context:preBuild UP-TO-DATE
> Task :react-native-safe-area-context:preDebugBuild UP-TO-DATE
> Task :react-native-safe-area-context:compileDebugAidl NO-SOURCE
> Task :react-native-screens:preBuild UP-TO-DATE
> Task :react-native-screens:preDebugBuild UP-TO-DATE
> Task :react-native-screens:compileDebugAidl NO-SOURCE
> Task :react-native-sensors:preBuild UP-TO-DATE
> Task :react-native-sensors:preDebugBuild UP-TO-DATE
> Task :react-native-sensors:compileDebugAidl NO-SOURCE
> Task :react-native-sqlite-2:preBuild UP-TO-DATE
> Task :react-native-sqlite-2:preDebugBuild UP-TO-DATE
> Task :react-native-sqlite-2:compileDebugAidl NO-SOURCE
> Task :react-native-vector-icons:preBuild UP-TO-DATE
> Task :react-native-vector-icons:preDebugBuild UP-TO-DATE
> Task :react-native-vector-icons:compileDebugAidl NO-SOURCE
> Task :react-native-webview:preBuild UP-TO-DATE
> Task :react-native-webview:preDebugBuild UP-TO-DATE
> Task :react-native-webview:compileDebugAidl NO-SOURCE
> Task :app:compileDebugAidl NO-SOURCE
> Task :react-native-async-storage_async-storage:packageDebugRenderscript NO-SOURCE
> Task :react-native-community_datetimepicker:packageDebugRenderscript NO-SOURCE
> Task :react-native-device-info:packageDebugRenderscript NO-SOURCE
> Task :react-native-gesture-handler:packageDebugRenderscript NO-SOURCE
> Task :react-native-get-location:packageDebugRenderscript NO-SOURCE
> Task :react-native-permissions:packageDebugRenderscript NO-SOURCE
> Task :react-native-push-notification:packageDebugRenderscript NO-SOURCE
> Task :react-native-safe-area-context:packageDebugRenderscript NO-SOURCE
> Task :react-native-screens:packageDebugRenderscript NO-SOURCE
> Task :react-native-sensors:packageDebugRenderscript NO-SOURCE
> Task :react-native-sqlite-2:packageDebugRenderscript NO-SOURCE
> Task :react-native-vector-icons:packageDebugRenderscript NO-SOURCE
> Task :react-native-webview:packageDebugRenderscript NO-SOURCE
> Task :app:compileDebugRenderscript NO-SOURCE
> Task :app:generateDebugBuildConfig
> Task :app:javaPreCompileDebug
> Task :react-native-async-storage_async-storage:writeDebugAarMetadata
> Task :react-native-community_datetimepicker:writeDebugAarMetadata
> Task :react-native-device-info:writeDebugAarMetadata
> Task :react-native-gesture-handler:writeDebugAarMetadata
> Task :react-native-get-location:writeDebugAarMetadata
> Task :react-native-permissions:writeDebugAarMetadata
> Task :react-native-push-notification:writeDebugAarMetadata
> Task :react-native-safe-area-context:writeDebugAarMetadata
> Task :react-native-screens:writeDebugAarMetadata
> Task :react-native-sensors:writeDebugAarMetadata
> Task :react-native-sqlite-2:writeDebugAarMetadata
> Task :react-native-vector-icons:writeDebugAarMetadata
> Task :react-native-webview:writeDebugAarMetadata
> Task :app:generateDebugResValues
> Task :app:checkDebugAarMetadata SKIPPED
> Task :react-native-async-storage_async-storage:compileDebugRenderscript NO-SOURCE
> Task :react-native-async-storage_async-storage:generateDebugResValues
> Task :react-native-async-storage_async-storage:generateDebugResources
> Task :react-native-async-storage_async-storage:packageDebugResources
> Task :react-native-community_datetimepicker:compileDebugRenderscript NO-SOURCE
> Task :react-native-community_datetimepicker:generateDebugResValues
> Task :react-native-community_datetimepicker:generateDebugResources
> Task :react-native-community_datetimepicker:packageDebugResources
> Task :react-native-device-info:compileDebugRenderscript NO-SOURCE
> Task :react-native-device-info:generateDebugResValues
> Task :react-native-device-info:generateDebugResources
> Task :react-native-device-info:packageDebugResources
> Task :react-native-gesture-handler:compileDebugRenderscript NO-SOURCE
> Task :react-native-gesture-handler:generateDebugResValues
> Task :react-native-gesture-handler:generateDebugResources
> Task :react-native-gesture-handler:packageDebugResources
> Task :react-native-get-location:compileDebugRenderscript NO-SOURCE
> Task :react-native-get-location:generateDebugResValues
> Task :react-native-get-location:generateDebugResources
> Task :react-native-get-location:packageDebugResources
> Task :react-native-permissions:compileDebugRenderscript NO-SOURCE
> Task :react-native-permissions:generateDebugResValues
> Task :react-native-permissions:generateDebugResources
> Task :react-native-permissions:packageDebugResources
> Task :react-native-push-notification:compileDebugRenderscript NO-SOURCE
> Task :react-native-push-notification:generateDebugResValues
> Task :react-native-push-notification:generateDebugResources
> Task :react-native-push-notification:packageDebugResources
> Task :react-native-safe-area-context:compileDebugRenderscript NO-SOURCE
> Task :react-native-safe-area-context:generateDebugResValues
> Task :react-native-safe-area-context:generateDebugResources
> Task :react-native-safe-area-context:packageDebugResources
> Task :react-native-screens:compileDebugRenderscript NO-SOURCE
> Task :react-native-screens:generateDebugResValues
> Task :react-native-screens:generateDebugResources
> Task :react-native-screens:packageDebugResources
> Task :react-native-sensors:compileDebugRenderscript NO-SOURCE
> Task :react-native-sensors:generateDebugResValues
> Task :react-native-sensors:generateDebugResources
> Task :react-native-sensors:packageDebugResources
> Task :react-native-sqlite-2:compileDebugRenderscript NO-SOURCE
> Task :react-native-sqlite-2:generateDebugResValues
> Task :react-native-sqlite-2:generateDebugResources
> Task :react-native-sqlite-2:packageDebugResources
> Task :react-native-vector-icons:compileDebugRenderscript NO-SOURCE
> Task :react-native-vector-icons:generateDebugResValues
> Task :react-native-vector-icons:generateDebugResources
> Task :react-native-vector-icons:packageDebugResources
> Task :react-native-webview:compileDebugRenderscript NO-SOURCE
> Task :react-native-webview:generateDebugResValues
> Task :react-native-webview:generateDebugResources
> Task :react-native-webview:packageDebugResources
> Task :app:mapDebugSourceSetPaths
> Task :app:generateDebugResources
> Task :app:createDebugCompatibleScreenManifests
> Task :app:extractDeepLinksDebug
> Task :react-native-async-storage_async-storage:extractDeepLinksDebug
> Task :react-native-community_datetimepicker:extractDeepLinksDebug
> Task :react-native-device-info:extractDeepLinksDebug
> Task :react-native-gesture-handler:extractDeepLinksDebug
> Task :react-native-community_datetimepicker:processDebugManifest

> Task :react-native-async-storage_async-storage:processDebugManifest
package="com.reactnativecommunity.asyncstorage" found in source AndroidManifest.xml: /Users/oussama/MinakamiApp/MinakamiAppFinal/node_modules/@react-native-async-storage/async-storage/android/src/main/AndroidManifest.xml.
Setting the namespace via a source AndroidManifest.xml's package attribute is deprecated.
Please instead set the namespace (or testNamespace) in the module's build.gradle file, as described here: https://developer.android.com/studio/build/configure-app-module#set-namespace
This migration can be done automatically using the AGP Upgrade Assistant, please refer to https://developer.android.com/studio/build/agp-upgrade-assistant for more information.

> Task :react-native-device-info:processDebugManifest
package="com.learnium.RNDeviceInfo" found in source AndroidManifest.xml: /Users/oussama/MinakamiApp/MinakamiAppFinal/node_modules/react-native-device-info/android/src/main/AndroidManifest.xml.
Setting the namespace via a source AndroidManifest.xml's package attribute is deprecated.
Please instead set the namespace (or testNamespace) in the module's build.gradle file, as described here: https://developer.android.com/studio/build/configure-app-module#set-namespace
This migration can be done automatically using the AGP Upgrade Assistant, please refer to https://developer.android.com/studio/build/agp-upgrade-assistant for more information.

> Task :react-native-get-location:extractDeepLinksDebug
> Task :react-native-permissions:extractDeepLinksDebug

> Task :react-native-gesture-handler:processDebugManifest
package="com.swmansion.gesturehandler" found in source AndroidManifest.xml: /Users/oussama/MinakamiApp/MinakamiAppFinal/node_modules/react-native-gesture-handler/android/src/main/AndroidManifest.xml.
Setting the namespace via a source AndroidManifest.xml's package attribute is deprecated.
Please instead set the namespace (or testNamespace) in the module's build.gradle file, as described here: https://developer.android.com/studio/build/configure-app-module#set-namespace
This migration can be done automatically using the AGP Upgrade Assistant, please refer to https://developer.android.com/studio/build/agp-upgrade-assistant for more information.

> Task :react-native-push-notification:extractDeepLinksDebug

> Task :react-native-get-location:processDebugManifest
package="com.github.douglasjunior.reactNativeGetLocation" found in source AndroidManifest.xml: /Users/oussama/MinakamiApp/MinakamiAppFinal/node_modules/react-native-get-location/android/src/main/AndroidManifest.xml.
Setting the namespace via a source AndroidManifest.xml's package attribute is deprecated.
Please instead set the namespace (or testNamespace) in the module's build.gradle file, as described here: https://developer.android.com/studio/build/configure-app-module#set-namespace
This migration can be done automatically using the AGP Upgrade Assistant, please refer to https://developer.android.com/studio/build/agp-upgrade-assistant for more information.

> Task :react-native-permissions:processDebugManifest
> Task :react-native-safe-area-context:extractDeepLinksDebug
> Task :react-native-screens:extractDeepLinksDebug

> Task :react-native-push-notification:processDebugManifest
package="com.dieam.reactnativepushnotification" found in source AndroidManifest.xml: /Users/oussama/MinakamiApp/MinakamiAppFinal/node_modules/react-native-push-notification/android/src/main/AndroidManifest.xml.
Setting the namespace via a source AndroidManifest.xml's package attribute is deprecated.
Please instead set the namespace (or testNamespace) in the module's build.gradle file, as described here: https://developer.android.com/studio/build/configure-app-module#set-namespace
This migration can be done automatically using the AGP Upgrade Assistant, please refer to https://developer.android.com/studio/build/agp-upgrade-assistant for more information.

> Task :react-native-sensors:extractDeepLinksDebug

> Task :react-native-safe-area-context:processDebugManifest
package="com.th3rdwave.safeareacontext" found in source AndroidManifest.xml: /Users/oussama/MinakamiApp/MinakamiAppFinal/node_modules/react-native-safe-area-context/android/src/main/AndroidManifest.xml.
Setting the namespace via a source AndroidManifest.xml's package attribute is deprecated.
Please instead set the namespace (or testNamespace) in the module's build.gradle file, as described here: https://developer.android.com/studio/build/configure-app-module#set-namespace
This migration can be done automatically using the AGP Upgrade Assistant, please refer to https://developer.android.com/studio/build/agp-upgrade-assistant for more information.

> Task :react-native-screens:processDebugManifest
package="com.swmansion.rnscreens" found in source AndroidManifest.xml: /Users/oussama/MinakamiApp/MinakamiAppFinal/node_modules/react-native-screens/android/src/main/AndroidManifest.xml.
Setting the namespace via a source AndroidManifest.xml's package attribute is deprecated.
Please instead set the namespace (or testNamespace) in the module's build.gradle file, as described here: https://developer.android.com/studio/build/configure-app-module#set-namespace
This migration can be done automatically using the AGP Upgrade Assistant, please refer to https://developer.android.com/studio/build/agp-upgrade-assistant for more information.

> Task :react-native-sqlite-2:extractDeepLinksDebug

> Task :react-native-sensors:processDebugManifest
package="com.sensors" found in source AndroidManifest.xml: /Users/oussama/MinakamiApp/MinakamiAppFinal/node_modules/react-native-sensors/android/src/main/AndroidManifest.xml.
Setting the namespace via a source AndroidManifest.xml's package attribute is deprecated.
Please instead set the namespace (or testNamespace) in the module's build.gradle file, as described here: https://developer.android.com/studio/build/configure-app-module#set-namespace
This migration can be done automatically using the AGP Upgrade Assistant, please refer to https://developer.android.com/studio/build/agp-upgrade-assistant for more information.

> Task :react-native-vector-icons:extractDeepLinksDebug
> Task :react-native-webview:extractDeepLinksDebug

> Task :react-native-sqlite-2:processDebugManifest
package="dog.craftz.sqlite_2" found in source AndroidManifest.xml: /Users/oussama/MinakamiApp/MinakamiAppFinal/node_modules/react-native-sqlite-2/android/src/main/AndroidManifest.xml.
Setting the namespace via a source AndroidManifest.xml's package attribute is deprecated.
Please instead set the namespace (or testNamespace) in the module's build.gradle file, as described here: https://developer.android.com/studio/build/configure-app-module#set-namespace
This migration can be done automatically using the AGP Upgrade Assistant, please refer to https://developer.android.com/studio/build/agp-upgrade-assistant for more information.

> Task :react-native-vector-icons:processDebugManifest
package="com.oblador.vectoricons" found in source AndroidManifest.xml: /Users/oussama/MinakamiApp/MinakamiAppFinal/node_modules/react-native-vector-icons/android/src/main/AndroidManifest.xml.
Setting the namespace via a source AndroidManifest.xml's package attribute is deprecated.
Please instead set the namespace (or testNamespace) in the module's build.gradle file, as described here: https://developer.android.com/studio/build/configure-app-module#set-namespace
This migration can be done automatically using the AGP Upgrade Assistant, please refer to https://developer.android.com/studio/build/agp-upgrade-assistant for more information.

> Task :react-native-webview:processDebugManifest
> Task :react-native-async-storage_async-storage:compileDebugLibraryResources
> Task :app:mergeDebugResources

> Task :app:processDebugMainManifest
package="com.minakamiappfinal" found in source AndroidManifest.xml: /Users/oussama/MinakamiApp/MinakamiAppFinal/android/app/src/main/AndroidManifest.xml.
Setting the namespace via a source AndroidManifest.xml's package attribute is deprecated.
Please instead set the namespace (or testNamespace) in the module's build.gradle file, as described here: https://developer.android.com/studio/build/configure-app-module#set-namespace
This migration can be done automatically using the AGP Upgrade Assistant, please refer to https://developer.android.com/studio/build/agp-upgrade-assistant for more information.

> Task :app:processDebugManifest
> Task :react-native-community_datetimepicker:compileDebugLibraryResources
> Task :react-native-async-storage_async-storage:parseDebugLocalResources
> Task :react-native-device-info:compileDebugLibraryResources
> Task :react-native-device-info:parseDebugLocalResources
> Task :react-native-community_datetimepicker:parseDebugLocalResources
> Task :react-native-gesture-handler:compileDebugLibraryResources
> Task :react-native-get-location:compileDebugLibraryResources
> Task :react-native-gesture-handler:parseDebugLocalResources
> Task :react-native-get-location:parseDebugLocalResources
> Task :react-native-permissions:compileDebugLibraryResources
> Task :react-native-push-notification:compileDebugLibraryResources
> Task :react-native-permissions:parseDebugLocalResources
> Task :react-native-push-notification:parseDebugLocalResources
> Task :react-native-safe-area-context:compileDebugLibraryResources
> Task :react-native-gesture-handler:generateDebugRFile
> Task :react-native-get-location:generateDebugRFile
> Task :react-native-device-info:generateDebugRFile
> Task :react-native-async-storage_async-storage:generateDebugRFile
> Task :react-native-safe-area-context:parseDebugLocalResources
> Task :react-native-permissions:generateDebugRFile
> Task :react-native-screens:compileDebugLibraryResources
> Task :react-native-sensors:compileDebugLibraryResources
> Task :react-native-screens:parseDebugLocalResources
> Task :react-native-sensors:parseDebugLocalResources
> Task :react-native-safe-area-context:generateDebugRFile
> Task :react-native-community_datetimepicker:generateDebugRFile
> Task :react-native-push-notification:generateDebugRFile
> Task :react-native-sqlite-2:compileDebugLibraryResources
> Task :react-native-sqlite-2:parseDebugLocalResources
> Task :react-native-vector-icons:compileDebugLibraryResources
> Task :react-native-sensors:generateDebugRFile
> Task :react-native-vector-icons:parseDebugLocalResources
> Task :react-native-webview:compileDebugLibraryResources
> Task :react-native-webview:parseDebugLocalResources
> Task :react-native-screens:generateDebugRFile
> Task :react-native-async-storage_async-storage:generateDebugBuildConfig
> Task :react-native-sqlite-2:generateDebugRFile
> Task :react-native-async-storage_async-storage:javaPreCompileDebug
> Task :react-native-vector-icons:generateDebugRFile
> Task :react-native-community_datetimepicker:generateDebugBuildConfig
> Task :react-native-webview:generateDebugRFile

> Task :react-native-async-storage_async-storage:compileDebugJavaWithJavac

> Task :react-native-async-storage_async-storage:bundleLibCompileToJarDebug
> Task :react-native-community_datetimepicker:javaPreCompileDebug
> Task :react-native-device-info:generateDebugBuildConfig
> Task :react-native-device-info:javaPreCompileDebug
> Task :react-native-gesture-handler:generateDebugBuildConfig

> Task :react-native-device-info:compileDebugJavaWithJavac

> Task :react-native-device-info:bundleLibCompileToJarDebug
> Task :react-native-gesture-handler:javaPreCompileDebug
> Task :react-native-get-location:generateDebugBuildConfig
> Task :react-native-get-location:javaPreCompileDebug
> Task :react-native-permissions:generateDebugBuildConfig

> Task :react-native-get-location:compileDebugJavaWithJavac

> Task :react-native-permissions:javaPreCompileDebug
> Task :react-native-get-location:bundleLibCompileToJarDebug
> Task :react-native-permissions:compileDebugJavaWithJavac
> Task :react-native-push-notification:generateDebugBuildConfig
> Task :react-native-permissions:bundleLibCompileToJarDebug
> Task :react-native-push-notification:javaPreCompileDebug
> Task :react-native-safe-area-context:generateDebugBuildConfig
> Task :react-native-community_datetimepicker:compileDebugKotlin

> Task :react-native-push-notification:compileDebugJavaWithJavac

> Task :react-native-community_datetimepicker:compileDebugJavaWithJavac

> Task :react-native-push-notification:bundleLibCompileToJarDebug
> Task :react-native-community_datetimepicker:bundleLibCompileToJarDebug
> Task :react-native-safe-area-context:javaPreCompileDebug
> Task :react-native-screens:generateDebugBuildConfig
> Task :app:processDebugManifestForPackage
> Task :react-native-screens:javaPreCompileDebug
> Task :react-native-sensors:generateDebugBuildConfig
> Task :react-native-sensors:javaPreCompileDebug
> Task :react-native-sqlite-2:generateDebugBuildConfig
> Task :react-native-sensors:compileDebugJavaWithJavac
> Task :react-native-sqlite-2:javaPreCompileDebug
> Task :react-native-vector-icons:generateDebugBuildConfig
> Task :react-native-sensors:bundleLibCompileToJarDebug
> Task :react-native-sqlite-2:compileDebugJavaWithJavac
> Task :react-native-webview:generateDebugBuildConfig
> Task :react-native-sqlite-2:bundleLibCompileToJarDebug
> Task :react-native-vector-icons:javaPreCompileDebug

> Task :react-native-vector-icons:compileDebugJavaWithJavac

> Task :react-native-webview:javaPreCompileDebug
> Task :react-native-vector-icons:bundleLibCompileToJarDebug
> Task :app:mergeDebugShaders
> Task :app:compileDebugShaders NO-SOURCE
> Task :app:generateDebugAssets UP-TO-DATE
> Task :react-native-async-storage_async-storage:mergeDebugShaders
> Task :react-native-async-storage_async-storage:compileDebugShaders NO-SOURCE
> Task :react-native-async-storage_async-storage:generateDebugAssets UP-TO-DATE
> Task :react-native-async-storage_async-storage:packageDebugAssets
> Task :react-native-community_datetimepicker:mergeDebugShaders
> Task :react-native-community_datetimepicker:compileDebugShaders NO-SOURCE
> Task :react-native-community_datetimepicker:generateDebugAssets UP-TO-DATE
> Task :react-native-community_datetimepicker:packageDebugAssets
> Task :react-native-device-info:mergeDebugShaders
> Task :react-native-device-info:compileDebugShaders NO-SOURCE
> Task :react-native-device-info:generateDebugAssets UP-TO-DATE
> Task :react-native-device-info:packageDebugAssets
> Task :react-native-gesture-handler:mergeDebugShaders
> Task :react-native-gesture-handler:compileDebugShaders NO-SOURCE
> Task :react-native-gesture-handler:generateDebugAssets UP-TO-DATE
> Task :react-native-gesture-handler:packageDebugAssets
> Task :react-native-get-location:mergeDebugShaders
> Task :react-native-get-location:compileDebugShaders NO-SOURCE
> Task :react-native-get-location:generateDebugAssets UP-TO-DATE
> Task :react-native-get-location:packageDebugAssets
> Task :react-native-permissions:mergeDebugShaders
> Task :react-native-permissions:compileDebugShaders NO-SOURCE
> Task :react-native-permissions:generateDebugAssets UP-TO-DATE
> Task :react-native-permissions:packageDebugAssets
> Task :react-native-push-notification:mergeDebugShaders
> Task :react-native-push-notification:compileDebugShaders NO-SOURCE
> Task :react-native-push-notification:generateDebugAssets UP-TO-DATE
> Task :react-native-push-notification:packageDebugAssets
> Task :react-native-safe-area-context:mergeDebugShaders
> Task :react-native-safe-area-context:compileDebugShaders NO-SOURCE
> Task :react-native-safe-area-context:generateDebugAssets UP-TO-DATE
> Task :react-native-safe-area-context:packageDebugAssets
> Task :react-native-screens:mergeDebugShaders
> Task :react-native-screens:compileDebugShaders NO-SOURCE
> Task :react-native-screens:generateDebugAssets UP-TO-DATE
> Task :react-native-screens:packageDebugAssets
> Task :react-native-sensors:mergeDebugShaders
> Task :react-native-sensors:compileDebugShaders NO-SOURCE
> Task :react-native-sensors:generateDebugAssets UP-TO-DATE
> Task :react-native-sensors:packageDebugAssets
> Task :react-native-sqlite-2:mergeDebugShaders
> Task :react-native-sqlite-2:compileDebugShaders NO-SOURCE
> Task :react-native-sqlite-2:generateDebugAssets UP-TO-DATE
> Task :react-native-sqlite-2:packageDebugAssets
> Task :react-native-vector-icons:mergeDebugShaders
> Task :react-native-vector-icons:compileDebugShaders NO-SOURCE
> Task :react-native-vector-icons:generateDebugAssets UP-TO-DATE
> Task :react-native-vector-icons:packageDebugAssets
> Task :react-native-webview:mergeDebugShaders
> Task :react-native-webview:compileDebugShaders NO-SOURCE
> Task :react-native-webview:generateDebugAssets UP-TO-DATE
> Task :react-native-webview:packageDebugAssets
> Task :app:mergeDebugAssets
> Task :app:processDebugJavaRes NO-SOURCE
> Task :react-native-async-storage_async-storage:processDebugJavaRes NO-SOURCE
> Task :react-native-async-storage_async-storage:bundleLibResDebug NO-SOURCE
> Task :react-native-community_datetimepicker:processDebugJavaRes NO-SOURCE
> Task :react-native-device-info:processDebugJavaRes NO-SOURCE
> Task :react-native-device-info:bundleLibResDebug NO-SOURCE
> Task :react-native-gesture-handler:processDebugJavaRes NO-SOURCE
> Task :react-native-community_datetimepicker:bundleLibResDebug
> Task :react-native-get-location:processDebugJavaRes NO-SOURCE
> Task :react-native-get-location:bundleLibResDebug NO-SOURCE
> Task :react-native-permissions:processDebugJavaRes NO-SOURCE
> Task :react-native-permissions:bundleLibResDebug NO-SOURCE
> Task :react-native-push-notification:processDebugJavaRes NO-SOURCE
> Task :react-native-push-notification:bundleLibResDebug NO-SOURCE
> Task :react-native-safe-area-context:processDebugJavaRes NO-SOURCE
> Task :react-native-screens:processDebugJavaRes NO-SOURCE
> Task :react-native-sensors:processDebugJavaRes NO-SOURCE
> Task :react-native-sensors:bundleLibResDebug NO-SOURCE
> Task :react-native-sqlite-2:processDebugJavaRes NO-SOURCE
> Task :react-native-sqlite-2:bundleLibResDebug NO-SOURCE
> Task :react-native-vector-icons:processDebugJavaRes NO-SOURCE
> Task :react-native-vector-icons:bundleLibResDebug NO-SOURCE
> Task :react-native-webview:processDebugJavaRes NO-SOURCE
> Task :app:desugarDebugFileDependencies
> Task :app:compressDebugAssets
> Task :react-native-async-storage_async-storage:bundleLibRuntimeToDirDebug
> Task :react-native-sensors:bundleLibRuntimeToDirDebug
> Task :react-native-sqlite-2:bundleLibRuntimeToDirDebug
> Task :react-native-device-info:bundleLibRuntimeToDirDebug
> Task :react-native-community_datetimepicker:bundleLibRuntimeToDirDebug
> Task :react-native-permissions:bundleLibRuntimeToDirDebug
> Task :react-native-push-notification:bundleLibRuntimeToDirDebug
> Task :react-native-get-location:bundleLibRuntimeToDirDebug
> Task :app:checkDebugDuplicateClasses
> Task :react-native-vector-icons:bundleLibRuntimeToDirDebug
> Task :app:mergeDebugJniLibFolders
> Task :react-native-async-storage_async-storage:mergeDebugJniLibFolders
> Task :react-native-async-storage_async-storage:mergeDebugNativeLibs NO-SOURCE
> Task :react-native-async-storage_async-storage:copyDebugJniLibsProjectOnly
> Task :react-native-community_datetimepicker:mergeDebugJniLibFolders
> Task :react-native-community_datetimepicker:mergeDebugNativeLibs NO-SOURCE
> Task :react-native-community_datetimepicker:copyDebugJniLibsProjectOnly
> Task :react-native-device-info:mergeDebugJniLibFolders
> Task :react-native-device-info:mergeDebugNativeLibs NO-SOURCE
> Task :react-native-device-info:copyDebugJniLibsProjectOnly
> Task :react-native-gesture-handler:mergeDebugJniLibFolders
> Task :react-native-gesture-handler:mergeDebugNativeLibs NO-SOURCE
> Task :react-native-gesture-handler:copyDebugJniLibsProjectOnly
> Task :react-native-get-location:mergeDebugJniLibFolders
> Task :react-native-get-location:mergeDebugNativeLibs NO-SOURCE
> Task :react-native-get-location:copyDebugJniLibsProjectOnly
> Task :react-native-permissions:mergeDebugJniLibFolders
> Task :react-native-permissions:mergeDebugNativeLibs NO-SOURCE
> Task :react-native-permissions:copyDebugJniLibsProjectOnly
> Task :react-native-push-notification:mergeDebugJniLibFolders
> Task :react-native-push-notification:mergeDebugNativeLibs NO-SOURCE
> Task :react-native-push-notification:copyDebugJniLibsProjectOnly
> Task :react-native-safe-area-context:mergeDebugJniLibFolders
> Task :react-native-safe-area-context:mergeDebugNativeLibs NO-SOURCE
> Task :react-native-safe-area-context:copyDebugJniLibsProjectOnly
> Task :react-native-screens:mergeDebugJniLibFolders
> Task :react-native-screens:mergeDebugNativeLibs NO-SOURCE
> Task :react-native-screens:copyDebugJniLibsProjectOnly
> Task :react-native-sensors:mergeDebugJniLibFolders
> Task :react-native-sensors:mergeDebugNativeLibs NO-SOURCE
> Task :react-native-sensors:copyDebugJniLibsProjectOnly
> Task :react-native-sqlite-2:mergeDebugJniLibFolders
> Task :react-native-sqlite-2:mergeDebugNativeLibs NO-SOURCE
> Task :react-native-sqlite-2:copyDebugJniLibsProjectOnly
> Task :react-native-vector-icons:mergeDebugJniLibFolders
> Task :react-native-vector-icons:mergeDebugNativeLibs NO-SOURCE
> Task :react-native-vector-icons:copyDebugJniLibsProjectOnly
> Task :react-native-webview:mergeDebugJniLibFolders
> Task :react-native-webview:mergeDebugNativeLibs NO-SOURCE
> Task :react-native-webview:copyDebugJniLibsProjectOnly
> Task :app:validateSigningDebug
> Task :app:writeDebugAppMetadata
> Task :app:writeDebugSigningConfigVersions
> Task :app:processDebugResources

> Task :react-native-safe-area-context:compileDebugKotlin
w: /Users/oussama/MinakamiApp/MinakamiAppFinal/node_modules/react-native-safe-area-context/android/src/main/java/com/th3rdwave/safeareacontext/SafeAreaView.kt: (50, 23): 'getter for uiImplementation: UIImplementation!' is deprecated. Deprecated in Java

> Task :react-native-webview:compileDebugKotlin
w: /Users/oussama/MinakamiApp/MinakamiAppFinal/node_modules/react-native-webview/android/src/main/java/com/reactnativecommunity/webview/RNCWebViewManagerImpl.kt: (40, 71): Parameter 'webView' is never used, could be renamed to _
w: /Users/oussama/MinakamiApp/MinakamiAppFinal/node_modules/react-native-webview/android/src/main/java/com/reactnativecommunity/webview/RNCWebViewManagerImpl.kt: (81, 18): 'setter for allowFileAccessFromFileURLs: Boolean' is deprecated. Deprecated in Java
w: /Users/oussama/MinakamiApp/MinakamiAppFinal/node_modules/react-native-webview/android/src/main/java/com/reactnativecommunity/webview/RNCWebViewManagerImpl.kt: (82, 18): 'setter for allowUniversalAccessFromFileURLs: Boolean' is deprecated. Deprecated in Java
w: /Users/oussama/MinakamiApp/MinakamiAppFinal/node_modules/react-native-webview/android/src/main/java/com/reactnativecommunity/webview/RNCWebViewManagerImpl.kt: (93, 102): Parameter 'contentLength' is never used, could be renamed to _
w: /Users/oussama/MinakamiApp/MinakamiAppFinal/node_modules/react-native-webview/android/src/main/java/com/reactnativecommunity/webview/RNCWebViewManagerImpl.kt: (110, 32): Variable 'urlObj' initializer is redundant
w: /Users/oussama/MinakamiApp/MinakamiAppFinal/node_modules/react-native-webview/android/src/main/java/com/reactnativecommunity/webview/RNCWebViewManagerImpl.kt: (124, 21): 'allowScanningByMediaScanner(): Unit' is deprecated. Deprecated in Java
w: /Users/oussama/MinakamiApp/MinakamiAppFinal/node_modules/react-native-webview/android/src/main/java/com/reactnativecommunity/webview/RNCWebViewManagerImpl.kt: (161, 36): 'setter for systemUiVisibility: Int' is deprecated. Deprecated in Java
w: /Users/oussama/MinakamiApp/MinakamiAppFinal/node_modules/react-native-webview/android/src/main/java/com/reactnativecommunity/webview/RNCWebViewManagerImpl.kt: (336, 15): Condition 'args == null' is always 'false'
w: /Users/oussama/MinakamiApp/MinakamiAppFinal/node_modules/react-native-webview/android/src/main/java/com/reactnativecommunity/webview/RNCWebViewManagerImpl.kt: (345, 34): Condition 'args != null' is always 'true'
w: /Users/oussama/MinakamiApp/MinakamiAppFinal/node_modules/react-native-webview/android/src/main/java/com/reactnativecommunity/webview/RNCWebViewManagerImpl.kt: (364, 38): 'setter for allowUniversalAccessFromFileURLs: Boolean' is deprecated. Deprecated in Java
w: /Users/oussama/MinakamiApp/MinakamiAppFinal/node_modules/react-native-webview/android/src/main/java/com/reactnativecommunity/webview/RNCWebViewManagerImpl.kt: (421, 51): Unchecked cast: Any! to kotlin.collections.HashMap<String, String> /* = java.util.HashMap<String, String> */
w: /Users/oussama/MinakamiApp/MinakamiAppFinal/node_modules/react-native-webview/android/src/main/java/com/reactnativecommunity/webview/RNCWebViewManagerImpl.kt: (477, 23): 'setter for savePassword: Boolean' is deprecated. Deprecated in Java
w: /Users/oussama/MinakamiApp/MinakamiAppFinal/node_modules/react-native-webview/android/src/main/java/com/reactnativecommunity/webview/RNCWebViewManagerImpl.kt: (478, 23): 'setter for saveFormData: Boolean' is deprecated. Deprecated in Java
w: /Users/oussama/MinakamiApp/MinakamiAppFinal/node_modules/react-native-webview/android/src/main/java/com/reactnativecommunity/webview/RNCWebViewManagerImpl.kt: (548, 23): 'setter for allowFileAccessFromFileURLs: Boolean' is deprecated. Deprecated in Java
w: /Users/oussama/MinakamiApp/MinakamiAppFinal/node_modules/react-native-webview/android/src/main/java/com/reactnativecommunity/webview/RNCWebViewManagerImpl.kt: (593, 52): 'FORCE_DARK_ON: Int' is deprecated. Deprecated in Java
w: /Users/oussama/MinakamiApp/MinakamiAppFinal/node_modules/react-native-webview/android/src/main/java/com/reactnativecommunity/webview/RNCWebViewManagerImpl.kt: (593, 89): 'FORCE_DARK_OFF: Int' is deprecated. Deprecated in Java
w: /Users/oussama/MinakamiApp/MinakamiAppFinal/node_modules/react-native-webview/android/src/main/java/com/reactnativecommunity/webview/RNCWebViewManagerImpl.kt: (594, 35): 'setForceDark(WebSettings, Int): Unit' is deprecated. Deprecated in Java
w: /Users/oussama/MinakamiApp/MinakamiAppFinal/node_modules/react-native-webview/android/src/main/java/com/reactnativecommunity/webview/RNCWebViewManagerImpl.kt: (603, 35): 'setForceDarkStrategy(WebSettings, Int): Unit' is deprecated. Deprecated in Java
w: /Users/oussama/MinakamiApp/MinakamiAppFinal/node_modules/react-native-webview/android/src/main/java/com/reactnativecommunity/webview/RNCWebViewManagerImpl.kt: (605, 39): 'DARK_STRATEGY_PREFER_WEB_THEME_OVER_USER_AGENT_DARKENING: Int' is deprecated. Deprecated in Java
w: /Users/oussama/MinakamiApp/MinakamiAppFinal/node_modules/react-native-webview/android/src/main/java/com/reactnativecommunity/webview/RNCWebViewManagerImpl.kt: (647, 53): Unchecked cast: ArrayList<Any!> to List<Map<String, String>>
w: /Users/oussama/MinakamiApp/MinakamiAppFinal/node_modules/react-native-webview/android/src/main/java/com/reactnativecommunity/webview/RNCWebViewManagerImpl.kt: (667, 23): 'setter for saveFormData: Boolean' is deprecated. Deprecated in Java
w: /Users/oussama/MinakamiApp/MinakamiAppFinal/node_modules/react-native-webview/android/src/main/java/com/reactnativecommunity/webview/RNCWebViewManagerImpl.kt: (702, 36): Parameter 'viewWrapper' is never used
w: /Users/oussama/MinakamiApp/MinakamiAppFinal/node_modules/react-native-webview/android/src/main/java/com/reactnativecommunity/webview/events/TopCustomMenuSelectionEvent.kt: (5, 44): 'RCTEventEmitter' is deprecated. Deprecated in Java
w: /Users/oussama/MinakamiApp/MinakamiAppFinal/node_modules/react-native-webview/android/src/main/java/com/reactnativecommunity/webview/events/TopCustomMenuSelectionEvent.kt: (11, 3): 'constructor Event<T : Event<(raw) Event<*>>!>(Int)' is deprecated. Deprecated in Java
w: /Users/oussama/MinakamiApp/MinakamiAppFinal/node_modules/react-native-webview/android/src/main/java/com/reactnativecommunity/webview/events/TopCustomMenuSelectionEvent.kt: (22, 42): 'RCTEventEmitter' is deprecated. Deprecated in Java
w: /Users/oussama/MinakamiApp/MinakamiAppFinal/node_modules/react-native-webview/android/src/main/java/com/reactnativecommunity/webview/events/TopCustomMenuSelectionEvent.kt: (23, 21): 'receiveEvent(Int, String!, WritableMap?): Unit' is deprecated. Deprecated in Java
w: /Users/oussama/MinakamiApp/MinakamiAppFinal/node_modules/react-native-webview/android/src/main/java/com/reactnativecommunity/webview/events/TopHttpErrorEvent.kt: (5, 44): 'RCTEventEmitter' is deprecated. Deprecated in Java
w: /Users/oussama/MinakamiApp/MinakamiAppFinal/node_modules/react-native-webview/android/src/main/java/com/reactnativecommunity/webview/events/TopHttpErrorEvent.kt: (11, 3): 'constructor Event<T : Event<(raw) Event<*>>!>(Int)' is deprecated. Deprecated in Java
w: /Users/oussama/MinakamiApp/MinakamiAppFinal/node_modules/react-native-webview/android/src/main/java/com/reactnativecommunity/webview/events/TopHttpErrorEvent.kt: (22, 42): 'RCTEventEmitter' is deprecated. Deprecated in Java
w: /Users/oussama/MinakamiApp/MinakamiAppFinal/node_modules/react-native-webview/android/src/main/java/com/reactnativecommunity/webview/events/TopHttpErrorEvent.kt: (23, 21): 'receiveEvent(Int, String!, WritableMap?): Unit' is deprecated. Deprecated in Java
w: /Users/oussama/MinakamiApp/MinakamiAppFinal/node_modules/react-native-webview/android/src/main/java/com/reactnativecommunity/webview/events/TopLoadingErrorEvent.kt: (5, 44): 'RCTEventEmitter' is deprecated. Deprecated in Java
w: /Users/oussama/MinakamiApp/MinakamiAppFinal/node_modules/react-native-webview/android/src/main/java/com/reactnativecommunity/webview/events/TopLoadingErrorEvent.kt: (11, 3): 'constructor Event<T : Event<(raw) Event<*>>!>(Int)' is deprecated. Deprecated in Java
w: /Users/oussama/MinakamiApp/MinakamiAppFinal/node_modules/react-native-webview/android/src/main/java/com/reactnativecommunity/webview/events/TopLoadingErrorEvent.kt: (22, 42): 'RCTEventEmitter' is deprecated. Deprecated in Java
w: /Users/oussama/MinakamiApp/MinakamiAppFinal/node_modules/react-native-webview/android/src/main/java/com/reactnativecommunity/webview/events/TopLoadingErrorEvent.kt: (23, 21): 'receiveEvent(Int, String!, WritableMap?): Unit' is deprecated. Deprecated in Java
w: /Users/oussama/MinakamiApp/MinakamiAppFinal/node_modules/react-native-webview/android/src/main/java/com/reactnativecommunity/webview/events/TopLoadingFinishEvent.kt: (5, 44): 'RCTEventEmitter' is deprecated. Deprecated in Java
w: /Users/oussama/MinakamiApp/MinakamiAppFinal/node_modules/react-native-webview/android/src/main/java/com/reactnativecommunity/webview/events/TopLoadingFinishEvent.kt: (11, 3): 'constructor Event<T : Event<(raw) Event<*>>!>(Int)' is deprecated. Deprecated in Java
w: /Users/oussama/MinakamiApp/MinakamiAppFinal/node_modules/react-native-webview/android/src/main/java/com/reactnativecommunity/webview/events/TopLoadingFinishEvent.kt: (22, 42): 'RCTEventEmitter' is deprecated. Deprecated in Java
w: /Users/oussama/MinakamiApp/MinakamiAppFinal/node_modules/react-native-webview/android/src/main/java/com/reactnativecommunity/webview/events/TopLoadingFinishEvent.kt: (23, 21): 'receiveEvent(Int, String!, WritableMap?): Unit' is deprecated. Deprecated in Java
w: /Users/oussama/MinakamiApp/MinakamiAppFinal/node_modules/react-native-webview/android/src/main/java/com/reactnativecommunity/webview/events/TopLoadingProgressEvent.kt: (5, 44): 'RCTEventEmitter' is deprecated. Deprecated in Java
w: /Users/oussama/MinakamiApp/MinakamiAppFinal/node_modules/react-native-webview/android/src/main/java/com/reactnativecommunity/webview/events/TopLoadingProgressEvent.kt: (11, 3): 'constructor Event<T : Event<(raw) Event<*>>!>(Int)' is deprecated. Deprecated in Java
w: /Users/oussama/MinakamiApp/MinakamiAppFinal/node_modules/react-native-webview/android/src/main/java/com/reactnativecommunity/webview/events/TopLoadingProgressEvent.kt: (22, 42): 'RCTEventEmitter' is deprecated. Deprecated in Java
w: /Users/oussama/MinakamiApp/MinakamiAppFinal/node_modules/react-native-webview/android/src/main/java/com/reactnativecommunity/webview/events/TopLoadingProgressEvent.kt: (23, 21): 'receiveEvent(Int, String!, WritableMap?): Unit' is deprecated. Deprecated in Java
w: /Users/oussama/MinakamiApp/MinakamiAppFinal/node_modules/react-native-webview/android/src/main/java/com/reactnativecommunity/webview/events/TopLoadingStartEvent.kt: (5, 44): 'RCTEventEmitter' is deprecated. Deprecated in Java
w: /Users/oussama/MinakamiApp/MinakamiAppFinal/node_modules/react-native-webview/android/src/main/java/com/reactnativecommunity/webview/events/TopLoadingStartEvent.kt: (11, 3): 'constructor Event<T : Event<(raw) Event<*>>!>(Int)' is deprecated. Deprecated in Java
w: /Users/oussama/MinakamiApp/MinakamiAppFinal/node_modules/react-native-webview/android/src/main/java/com/reactnativecommunity/webview/events/TopLoadingStartEvent.kt: (22, 42): 'RCTEventEmitter' is deprecated. Deprecated in Java
w: /Users/oussama/MinakamiApp/MinakamiAppFinal/node_modules/react-native-webview/android/src/main/java/com/reactnativecommunity/webview/events/TopLoadingStartEvent.kt: (23, 21): 'receiveEvent(Int, String!, WritableMap?): Unit' is deprecated. Deprecated in Java
w: /Users/oussama/MinakamiApp/MinakamiAppFinal/node_modules/react-native-webview/android/src/main/java/com/reactnativecommunity/webview/events/TopMessageEvent.kt: (5, 44): 'RCTEventEmitter' is deprecated. Deprecated in Java
w: /Users/oussama/MinakamiApp/MinakamiAppFinal/node_modules/react-native-webview/android/src/main/java/com/reactnativecommunity/webview/events/TopMessageEvent.kt: (10, 75): 'constructor Event<T : Event<(raw) Event<*>>!>(Int)' is deprecated. Deprecated in Java
w: /Users/oussama/MinakamiApp/MinakamiAppFinal/node_modules/react-native-webview/android/src/main/java/com/reactnativecommunity/webview/events/TopMessageEvent.kt: (21, 42): 'RCTEventEmitter' is deprecated. Deprecated in Java
w: /Users/oussama/MinakamiApp/MinakamiAppFinal/node_modules/react-native-webview/android/src/main/java/com/reactnativecommunity/webview/events/TopMessageEvent.kt: (22, 21): 'receiveEvent(Int, String!, WritableMap?): Unit' is deprecated. Deprecated in Java
w: /Users/oussama/MinakamiApp/MinakamiAppFinal/node_modules/react-native-webview/android/src/main/java/com/reactnativecommunity/webview/events/TopNewWindowEvent.kt: (5, 44): 'RCTEventEmitter' is deprecated. Deprecated in Java
w: /Users/oussama/MinakamiApp/MinakamiAppFinal/node_modules/react-native-webview/android/src/main/java/com/reactnativecommunity/webview/events/TopNewWindowEvent.kt: (11, 3): 'constructor Event<T : Event<(raw) Event<*>>!>(Int)' is deprecated. Deprecated in Java
w: /Users/oussama/MinakamiApp/MinakamiAppFinal/node_modules/react-native-webview/android/src/main/java/com/reactnativecommunity/webview/events/TopNewWindowEvent.kt: (22, 42): 'RCTEventEmitter' is deprecated. Deprecated in Java
w: /Users/oussama/MinakamiApp/MinakamiAppFinal/node_modules/react-native-webview/android/src/main/java/com/reactnativecommunity/webview/events/TopNewWindowEvent.kt: (23, 21): 'receiveEvent(Int, String!, WritableMap?): Unit' is deprecated. Deprecated in Java
w: /Users/oussama/MinakamiApp/MinakamiAppFinal/node_modules/react-native-webview/android/src/main/java/com/reactnativecommunity/webview/events/TopRenderProcessGoneEvent.kt: (5, 44): 'RCTEventEmitter' is deprecated. Deprecated in Java
w: /Users/oussama/MinakamiApp/MinakamiAppFinal/node_modules/react-native-webview/android/src/main/java/com/reactnativecommunity/webview/events/TopRenderProcessGoneEvent.kt: (12, 3): 'constructor Event<T : Event<(raw) Event<*>>!>(Int)' is deprecated. Deprecated in Java
w: /Users/oussama/MinakamiApp/MinakamiAppFinal/node_modules/react-native-webview/android/src/main/java/com/reactnativecommunity/webview/events/TopRenderProcessGoneEvent.kt: (23, 42): 'RCTEventEmitter' is deprecated. Deprecated in Java
w: /Users/oussama/MinakamiApp/MinakamiAppFinal/node_modules/react-native-webview/android/src/main/java/com/reactnativecommunity/webview/events/TopRenderProcessGoneEvent.kt: (24, 21): 'receiveEvent(Int, String!, WritableMap?): Unit' is deprecated. Deprecated in Java
w: /Users/oussama/MinakamiApp/MinakamiAppFinal/node_modules/react-native-webview/android/src/main/java/com/reactnativecommunity/webview/events/TopShouldStartLoadWithRequestEvent.kt: (5, 44): 'RCTEventEmitter' is deprecated. Deprecated in Java
w: /Users/oussama/MinakamiApp/MinakamiAppFinal/node_modules/react-native-webview/android/src/main/java/com/reactnativecommunity/webview/events/TopShouldStartLoadWithRequestEvent.kt: (10, 89): 'constructor Event<T : Event<(raw) Event<*>>!>(Int)' is deprecated. Deprecated in Java
w: /Users/oussama/MinakamiApp/MinakamiAppFinal/node_modules/react-native-webview/android/src/main/java/com/reactnativecommunity/webview/events/TopShouldStartLoadWithRequestEvent.kt: (27, 42): 'RCTEventEmitter' is deprecated. Deprecated in Java
w: /Users/oussama/MinakamiApp/MinakamiAppFinal/node_modules/react-native-webview/android/src/main/java/com/reactnativecommunity/webview/events/TopShouldStartLoadWithRequestEvent.kt: (28, 21): 'receiveEvent(Int, String!, WritableMap?): Unit' is deprecated. Deprecated in Java

> Task :react-native-safe-area-context:compileDebugJavaWithJavac
> Task :react-native-safe-area-context:bundleLibCompileToJarDebug

> Task :react-native-gesture-handler:compileDebugKotlin
w: /Users/oussama/MinakamiApp/MinakamiAppFinal/node_modules/react-native-gesture-handler/android/lib/src/main/java/com/swmansion/gesturehandler/GestureHandler.kt: (727, 11): Name shadowed: size
w: /Users/oussama/MinakamiApp/MinakamiAppFinal/node_modules/react-native-gesture-handler/android/noreanimated/src/main/java/com/swmansion/gesturehandler/ReanimatedEventDispatcher.kt: (7, 33): Parameter 'event' is never used
w: /Users/oussama/MinakamiApp/MinakamiAppFinal/node_modules/react-native-gesture-handler/android/noreanimated/src/main/java/com/swmansion/gesturehandler/ReanimatedEventDispatcher.kt: (7, 43): Parameter 'reactApplicationContext' is never used
w: /Users/oussama/MinakamiApp/MinakamiAppFinal/node_modules/react-native-gesture-handler/android/src/main/java/com/swmansion/gesturehandler/react/RNGestureHandlerEnabledRootView.kt: (13, 51): Unreachable code
w: /Users/oussama/MinakamiApp/MinakamiAppFinal/node_modules/react-native-gesture-handler/android/src/main/java/com/swmansion/gesturehandler/react/RNGestureHandlerEnabledRootView.kt: (14, 80): Unreachable code
w: /Users/oussama/MinakamiApp/MinakamiAppFinal/node_modules/react-native-gesture-handler/android/src/main/java/com/swmansion/gesturehandler/react/RNGestureHandlerRootHelper.kt: (75, 18): 'onChildStartedNativeGesture(MotionEvent!): Unit' is deprecated. Deprecated in Java
w: /Users/oussama/MinakamiApp/MinakamiAppFinal/node_modules/react-native-gesture-handler/android/src/main/java/com/swmansion/gesturehandler/react/RNGestureHandlerRootHelper.kt: (80, 42): Parameter 'disallowIntercept' is never used
w: /Users/oussama/MinakamiApp/MinakamiAppFinal/node_modules/react-native-gesture-handler/android/src/main/java/com/swmansion/gesturehandler/react/RNGestureHandlerRootHelper.kt: (112, 28): Parameter 'viewTag' is never used
w: /Users/oussama/MinakamiApp/MinakamiAppFinal/node_modules/react-native-gesture-handler/android/src/main/java/com/swmansion/gesturehandler/react/RNGestureHandlerTouchEvent.kt: (7, 44): 'RCTEventEmitter' is deprecated. Deprecated in Java
w: /Users/oussama/MinakamiApp/MinakamiAppFinal/node_modules/react-native-gesture-handler/android/src/main/java/com/swmansion/gesturehandler/react/RNGestureHandlerTouchEvent.kt: (14, 11): 'init(Int): Unit' is deprecated. Deprecated in Java
w: /Users/oussama/MinakamiApp/MinakamiAppFinal/node_modules/react-native-gesture-handler/android/src/main/java/com/swmansion/gesturehandler/react/RNGestureHandlerTouchEvent.kt: (30, 42): 'RCTEventEmitter' is deprecated. Deprecated in Java
w: /Users/oussama/MinakamiApp/MinakamiAppFinal/node_modules/react-native-gesture-handler/android/src/main/java/com/swmansion/gesturehandler/react/RNGestureHandlerTouchEvent.kt: (31, 21): 'receiveEvent(Int, String!, WritableMap?): Unit' is deprecated. Deprecated in Java

> Task :react-native-webview:compileDebugJavaWithJavac

> Task :react-native-gesture-handler:compileDebugJavaWithJavac
> Task :react-native-gesture-handler:bundleLibResDebug
> Task :react-native-webview:bundleLibCompileToJarDebug
> Task :react-native-safe-area-context:bundleLibResDebug
> Task :react-native-gesture-handler:bundleLibCompileToJarDebug
> Task :react-native-webview:bundleLibResDebug
> Task :react-native-safe-area-context:bundleLibRuntimeToDirDebug
> Task :react-native-webview:bundleLibRuntimeToDirDebug
> Task :react-native-gesture-handler:bundleLibRuntimeToDirDebug
> Task :app:mergeDebugNativeLibs

> Task :react-native-screens:compileDebugKotlin
w: /Users/oussama/MinakamiApp/MinakamiAppFinal/node_modules/react-native-screens/android/src/main/java/com/swmansion/rnscreens/Screen.kt: (77, 22): 'constructor GuardedRunnable(ReactContext!)' is deprecated. Deprecated in Java
w: /Users/oussama/MinakamiApp/MinakamiAppFinal/node_modules/react-native-screens/android/src/main/java/com/swmansion/rnscreens/ScreenStackFragment.kt: (64, 28): 'setter for targetElevation: Float' is deprecated. Deprecated in Java
w: /Users/oussama/MinakamiApp/MinakamiAppFinal/node_modules/react-native-screens/android/src/main/java/com/swmansion/rnscreens/ScreenStackFragment.kt: (120, 28): 'setter for targetElevation: Float' is deprecated. Deprecated in Java
w: /Users/oussama/MinakamiApp/MinakamiAppFinal/node_modules/react-native-screens/android/src/main/java/com/swmansion/rnscreens/ScreenStackHeaderConfig.kt: (21, 44): 'RCTEventEmitter' is deprecated. Deprecated in Java
w: /Users/oussama/MinakamiApp/MinakamiAppFinal/node_modules/react-native-screens/android/src/main/java/com/swmansion/rnscreens/ScreenStackHeaderConfig.kt: (69, 47): 'RCTEventEmitter' is deprecated. Deprecated in Java
w: /Users/oussama/MinakamiApp/MinakamiAppFinal/node_modules/react-native-screens/android/src/main/java/com/swmansion/rnscreens/ScreenStackHeaderConfig.kt: (70, 15): 'receiveEvent(Int, String!, WritableMap?): Unit' is deprecated. Deprecated in Java
w: /Users/oussama/MinakamiApp/MinakamiAppFinal/node_modules/react-native-screens/android/src/main/java/com/swmansion/rnscreens/ScreenStackHeaderConfig.kt: (89, 34): 'getter for systemWindowInsetTop: Int' is deprecated. Deprecated in Java
w: /Users/oussama/MinakamiApp/MinakamiAppFinal/node_modules/react-native-screens/android/src/main/java/com/swmansion/rnscreens/ScreenStackHeaderConfig.kt: (237, 29): 'setColorFilter(Int, PorterDuff.Mode): Unit' is deprecated. Deprecated in Java
w: /Users/oussama/MinakamiApp/MinakamiAppFinal/node_modules/react-native-screens/android/src/main/java/com/swmansion/rnscreens/ScreenWindowTraits.kt: (63, 22): 'constructor GuardedRunnable(ReactContext!)' is deprecated. Deprecated in Java
w: /Users/oussama/MinakamiApp/MinakamiAppFinal/node_modules/react-native-screens/android/src/main/java/com/swmansion/rnscreens/ScreenWindowTraits.kt: (108, 22): 'constructor GuardedRunnable(ReactContext!)' is deprecated. Deprecated in Java
w: /Users/oussama/MinakamiApp/MinakamiAppFinal/node_modules/react-native-screens/android/src/main/java/com/swmansion/rnscreens/ScreenWindowTraits.kt: (117, 43): 'replaceSystemWindowInsets(Int, Int, Int, Int): WindowInsetsCompat' is deprecated. Deprecated in Java
w: /Users/oussama/MinakamiApp/MinakamiAppFinal/node_modules/react-native-screens/android/src/main/java/com/swmansion/rnscreens/ScreenWindowTraits.kt: (118, 47): 'getter for systemWindowInsetLeft: Int' is deprecated. Deprecated in Java
w: /Users/oussama/MinakamiApp/MinakamiAppFinal/node_modules/react-native-screens/android/src/main/java/com/swmansion/rnscreens/ScreenWindowTraits.kt: (120, 47): 'getter for systemWindowInsetRight: Int' is deprecated. Deprecated in Java
w: /Users/oussama/MinakamiApp/MinakamiAppFinal/node_modules/react-native-screens/android/src/main/java/com/swmansion/rnscreens/ScreenWindowTraits.kt: (121, 47): 'getter for systemWindowInsetBottom: Int' is deprecated. Deprecated in Java
w: /Users/oussama/MinakamiApp/MinakamiAppFinal/node_modules/react-native-screens/android/src/main/java/com/swmansion/rnscreens/SearchBarView.kt: (9, 44): 'RCTEventEmitter' is deprecated. Deprecated in Java
w: /Users/oussama/MinakamiApp/MinakamiAppFinal/node_modules/react-native-screens/android/src/main/java/com/swmansion/rnscreens/SearchBarView.kt: (122, 47): 'RCTEventEmitter' is deprecated. Deprecated in Java
w: /Users/oussama/MinakamiApp/MinakamiAppFinal/node_modules/react-native-screens/android/src/main/java/com/swmansion/rnscreens/SearchBarView.kt: (123, 15): 'receiveEvent(Int, String!, WritableMap?): Unit' is deprecated. Deprecated in Java
w: /Users/oussama/MinakamiApp/MinakamiAppFinal/node_modules/react-native-screens/android/src/main/java/com/swmansion/rnscreens/events/HeaderBackButtonClickedEvent.kt: (5, 44): 'RCTEventEmitter' is deprecated. Deprecated in Java
w: /Users/oussama/MinakamiApp/MinakamiAppFinal/node_modules/react-native-screens/android/src/main/java/com/swmansion/rnscreens/events/HeaderBackButtonClickedEvent.kt: (7, 51): 'constructor Event<T : Event<(raw) Event<*>>!>(Int)' is deprecated. Deprecated in Java
w: /Users/oussama/MinakamiApp/MinakamiAppFinal/node_modules/react-native-screens/android/src/main/java/com/swmansion/rnscreens/events/HeaderBackButtonClickedEvent.kt: (17, 44): 'RCTEventEmitter' is deprecated. Deprecated in Java
w: /Users/oussama/MinakamiApp/MinakamiAppFinal/node_modules/react-native-screens/android/src/main/java/com/swmansion/rnscreens/events/HeaderBackButtonClickedEvent.kt: (18, 25): 'receiveEvent(Int, String!, WritableMap?): Unit' is deprecated. Deprecated in Java
w: /Users/oussama/MinakamiApp/MinakamiAppFinal/node_modules/react-native-screens/android/src/main/java/com/swmansion/rnscreens/events/ScreenAppearEvent.kt: (5, 44): 'RCTEventEmitter' is deprecated. Deprecated in Java
w: /Users/oussama/MinakamiApp/MinakamiAppFinal/node_modules/react-native-screens/android/src/main/java/com/swmansion/rnscreens/events/ScreenAppearEvent.kt: (7, 40): 'constructor Event<T : Event<(raw) Event<*>>!>(Int)' is deprecated. Deprecated in Java
w: /Users/oussama/MinakamiApp/MinakamiAppFinal/node_modules/react-native-screens/android/src/main/java/com/swmansion/rnscreens/events/ScreenAppearEvent.kt: (13, 44): 'RCTEventEmitter' is deprecated. Deprecated in Java
w: /Users/oussama/MinakamiApp/MinakamiAppFinal/node_modules/react-native-screens/android/src/main/java/com/swmansion/rnscreens/events/ScreenAppearEvent.kt: (14, 25): 'receiveEvent(Int, String!, WritableMap?): Unit' is deprecated. Deprecated in Java
w: /Users/oussama/MinakamiApp/MinakamiAppFinal/node_modules/react-native-screens/android/src/main/java/com/swmansion/rnscreens/events/ScreenDisappearEvent.kt: (5, 44): 'RCTEventEmitter' is deprecated. Deprecated in Java
w: /Users/oussama/MinakamiApp/MinakamiAppFinal/node_modules/react-native-screens/android/src/main/java/com/swmansion/rnscreens/events/ScreenDisappearEvent.kt: (7, 43): 'constructor Event<T : Event<(raw) Event<*>>!>(Int)' is deprecated. Deprecated in Java
w: /Users/oussama/MinakamiApp/MinakamiAppFinal/node_modules/react-native-screens/android/src/main/java/com/swmansion/rnscreens/events/ScreenDisappearEvent.kt: (13, 44): 'RCTEventEmitter' is deprecated. Deprecated in Java
w: /Users/oussama/MinakamiApp/MinakamiAppFinal/node_modules/react-native-screens/android/src/main/java/com/swmansion/rnscreens/events/ScreenDisappearEvent.kt: (14, 25): 'receiveEvent(Int, String!, WritableMap?): Unit' is deprecated. Deprecated in Java
w: /Users/oussama/MinakamiApp/MinakamiAppFinal/node_modules/react-native-screens/android/src/main/java/com/swmansion/rnscreens/events/ScreenDismissedEvent.kt: (5, 44): 'RCTEventEmitter' is deprecated. Deprecated in Java
w: /Users/oussama/MinakamiApp/MinakamiAppFinal/node_modules/react-native-screens/android/src/main/java/com/swmansion/rnscreens/events/ScreenDismissedEvent.kt: (7, 43): 'constructor Event<T : Event<(raw) Event<*>>!>(Int)' is deprecated. Deprecated in Java
w: /Users/oussama/MinakamiApp/MinakamiAppFinal/node_modules/react-native-screens/android/src/main/java/com/swmansion/rnscreens/events/ScreenDismissedEvent.kt: (13, 44): 'RCTEventEmitter' is deprecated. Deprecated in Java
w: /Users/oussama/MinakamiApp/MinakamiAppFinal/node_modules/react-native-screens/android/src/main/java/com/swmansion/rnscreens/events/ScreenDismissedEvent.kt: (17, 25): 'receiveEvent(Int, String!, WritableMap?): Unit' is deprecated. Deprecated in Java
w: /Users/oussama/MinakamiApp/MinakamiAppFinal/node_modules/react-native-screens/android/src/main/java/com/swmansion/rnscreens/events/ScreenTransitionProgressEvent.kt: (5, 44): 'RCTEventEmitter' is deprecated. Deprecated in Java
w: /Users/oussama/MinakamiApp/MinakamiAppFinal/node_modules/react-native-screens/android/src/main/java/com/swmansion/rnscreens/events/ScreenTransitionProgressEvent.kt: (13, 5): 'constructor Event<T : Event<(raw) Event<*>>!>(Int)' is deprecated. Deprecated in Java
w: /Users/oussama/MinakamiApp/MinakamiAppFinal/node_modules/react-native-screens/android/src/main/java/com/swmansion/rnscreens/events/ScreenTransitionProgressEvent.kt: (22, 44): 'RCTEventEmitter' is deprecated. Deprecated in Java
w: /Users/oussama/MinakamiApp/MinakamiAppFinal/node_modules/react-native-screens/android/src/main/java/com/swmansion/rnscreens/events/ScreenTransitionProgressEvent.kt: (27, 25): 'receiveEvent(Int, String!, WritableMap?): Unit' is deprecated. Deprecated in Java
w: /Users/oussama/MinakamiApp/MinakamiAppFinal/node_modules/react-native-screens/android/src/main/java/com/swmansion/rnscreens/events/ScreenWillAppearEvent.kt: (5, 44): 'RCTEventEmitter' is deprecated. Deprecated in Java
w: /Users/oussama/MinakamiApp/MinakamiAppFinal/node_modules/react-native-screens/android/src/main/java/com/swmansion/rnscreens/events/ScreenWillAppearEvent.kt: (7, 44): 'constructor Event<T : Event<(raw) Event<*>>!>(Int)' is deprecated. Deprecated in Java
w: /Users/oussama/MinakamiApp/MinakamiAppFinal/node_modules/react-native-screens/android/src/main/java/com/swmansion/rnscreens/events/ScreenWillAppearEvent.kt: (13, 44): 'RCTEventEmitter' is deprecated. Deprecated in Java
w: /Users/oussama/MinakamiApp/MinakamiAppFinal/node_modules/react-native-screens/android/src/main/java/com/swmansion/rnscreens/events/ScreenWillAppearEvent.kt: (14, 25): 'receiveEvent(Int, String!, WritableMap?): Unit' is deprecated. Deprecated in Java
w: /Users/oussama/MinakamiApp/MinakamiAppFinal/node_modules/react-native-screens/android/src/main/java/com/swmansion/rnscreens/events/ScreenWillDisappearEvent.kt: (5, 44): 'RCTEventEmitter' is deprecated. Deprecated in Java
w: /Users/oussama/MinakamiApp/MinakamiAppFinal/node_modules/react-native-screens/android/src/main/java/com/swmansion/rnscreens/events/ScreenWillDisappearEvent.kt: (7, 47): 'constructor Event<T : Event<(raw) Event<*>>!>(Int)' is deprecated. Deprecated in Java
w: /Users/oussama/MinakamiApp/MinakamiAppFinal/node_modules/react-native-screens/android/src/main/java/com/swmansion/rnscreens/events/ScreenWillDisappearEvent.kt: (13, 44): 'RCTEventEmitter' is deprecated. Deprecated in Java
w: /Users/oussama/MinakamiApp/MinakamiAppFinal/node_modules/react-native-screens/android/src/main/java/com/swmansion/rnscreens/events/ScreenWillDisappearEvent.kt: (14, 25): 'receiveEvent(Int, String!, WritableMap?): Unit' is deprecated. Deprecated in Java
w: /Users/oussama/MinakamiApp/MinakamiAppFinal/node_modules/react-native-screens/android/src/main/java/com/swmansion/rnscreens/events/StackFinishTransitioningEvent.kt: (5, 44): 'RCTEventEmitter' is deprecated. Deprecated in Java
w: /Users/oussama/MinakamiApp/MinakamiAppFinal/node_modules/react-native-screens/android/src/main/java/com/swmansion/rnscreens/events/StackFinishTransitioningEvent.kt: (7, 52): 'constructor Event<T : Event<(raw) Event<*>>!>(Int)' is deprecated. Deprecated in Java
w: /Users/oussama/MinakamiApp/MinakamiAppFinal/node_modules/react-native-screens/android/src/main/java/com/swmansion/rnscreens/events/StackFinishTransitioningEvent.kt: (13, 44): 'RCTEventEmitter' is deprecated. Deprecated in Java
w: /Users/oussama/MinakamiApp/MinakamiAppFinal/node_modules/react-native-screens/android/src/main/java/com/swmansion/rnscreens/events/StackFinishTransitioningEvent.kt: (14, 25): 'receiveEvent(Int, String!, WritableMap?): Unit' is deprecated. Deprecated in Java
w: /Users/oussama/MinakamiApp/MinakamiAppFinal/node_modules/react-native-screens/android/src/paper/java/com/swmansion/rnscreens/FabricEnabledViewGroup.kt: (7, 42): Parameter 'width' is never used
w: /Users/oussama/MinakamiApp/MinakamiAppFinal/node_modules/react-native-screens/android/src/paper/java/com/swmansion/rnscreens/FabricEnabledViewGroup.kt: (7, 54): Parameter 'height' is never used

> Task :react-native-screens:compileDebugJavaWithJavac
> Task :react-native-screens:bundleLibResDebug
> Task :react-native-screens:bundleLibCompileToJarDebug
> Task :react-native-screens:bundleLibRuntimeToDirDebug
> Task :app:mergeExtDexDebug
> Task :app:compileDebugJavaWithJavac
> Task :app:stripDebugDebugSymbols
> Task :app:dexBuilderDebug
> Task :app:mergeLibDexDebug
> Task :app:mergeDebugJavaResource
> Task :app:mergeProjectDexDebug
> Task :app:packageDebug
> Task :app:createDebugApkListingFileRedirect

> Task :app:installDebug
Installing APK 'app-debug.apk' on 'Pixel_7(AVD) - 14' for :app:debug
Installed on 1 device.

Deprecated Gradle features were used in this build, making it incompatible with Gradle 9.0.

You can use '--warning-mode all' to show the individual deprecation warnings and determine if they come from your own scripts or plugins.

See https://docs.gradle.org/8.0.1/userguide/command_line_interface.html#sec:command_line_warnings

BUILD SUCCESSFUL in 18s
269 actionable tasks: 264 executed, 5 up-to-date
info Connecting to the development server...
8081
info Starting the app on "emulator-5554"...
Starting: Intent { act=android.intent.action.MAIN cat=[android.intent.category.LAUNCHER] cmp=com.minakamiappfinal/.MainActivity }
